<?xml version="1.0" encoding="UTF-8"?>
<coverage generated="1609219047">
  <project timestamp="1609219047">
    <package name="Nymfonya\Component">
      <file name="/home/pierre/tmp/github/nymfonya-container/src/Container.php">
        <class name="Nymfonya\Component\Container" namespace="Nymfonya\Component">
          <metrics complexity="37" methods="15" coveredmethods="14" conditionals="0" coveredconditionals="0" statements="72" coveredstatements="65" elements="87" coveredelements="79"/>
        </class>
        <line num="40" type="method" name="__construct" visibility="public" complexity="1" crap="1" count="18"/>
        <line num="42" type="stmt" count="18"/>
        <line num="43" type="stmt" count="18"/>
        <line num="44" type="stmt" count="18"/>
        <line num="45" type="stmt" count="18"/>
        <line num="53" type="method" name="initReporter" visibility="protected" complexity="1" crap="1" count="1"/>
        <line num="55" type="stmt" count="1"/>
        <line num="56" type="stmt" count="1"/>
        <line num="57" type="stmt" count="1"/>
        <line num="58" type="stmt" count="1"/>
        <line num="59" type="stmt" count="1"/>
        <line num="60" type="stmt" count="1"/>
        <line num="61" type="stmt" count="1"/>
        <line num="69" type="method" name="getReporter" visibility="public" complexity="1" crap="1" count="1"/>
        <line num="71" type="stmt" count="1"/>
        <line num="79" type="method" name="getServices" visibility="public" complexity="1" crap="1" count="3"/>
        <line num="81" type="stmt" count="3"/>
        <line num="91" type="method" name="getService" visibility="public" complexity="2" crap="2" count="3"/>
        <line num="93" type="stmt" count="3"/>
        <line num="94" type="stmt" count="1"/>
        <line num="95" type="stmt" count="1"/>
        <line num="98" type="stmt" count="2"/>
        <line num="111" type="method" name="setService" visibility="public" complexity="3" crap="3" count="3"/>
        <line num="113" type="stmt" count="3"/>
        <line num="114" type="stmt" count="2"/>
        <line num="115" type="stmt" count="2"/>
        <line num="118" type="stmt" count="1"/>
        <line num="119" type="stmt" count="1"/>
        <line num="128" type="method" name="load" visibility="protected" complexity="3" crap="3" count="2"/>
        <line num="130" type="stmt" count="2"/>
        <line num="131" type="stmt" count="1"/>
        <line num="133" type="stmt" count="2"/>
        <line num="134" type="stmt" count="2"/>
        <line num="136" type="stmt" count="2"/>
        <line num="146" type="method" name="create" visibility="protected" complexity="1" crap="1" count="1"/>
        <line num="148" type="stmt" count="1"/>
        <line num="149" type="stmt" count="1"/>
        <line num="150" type="stmt" count="1"/>
        <line num="160" type="method" name="createCoreService" visibility="protected" complexity="7" crap="11.98" count="1"/>
        <line num="162" type="stmt" count="1"/>
        <line num="163" type="stmt" count="1"/>
        <line num="165" type="stmt" count="1"/>
        <line num="166" type="stmt" count="0"/>
        <line num="167" type="stmt" count="0"/>
        <line num="168" type="stmt" count="0"/>
        <line num="169" type="stmt" count="0"/>
        <line num="170" type="stmt" count="0"/>
        <line num="172" type="stmt" count="0"/>
        <line num="174" type="stmt" count="1"/>
        <line num="175" type="stmt" count="0"/>
        <line num="176" type="stmt" count="1"/>
        <line num="178" type="stmt" count="1"/>
        <line num="179" type="stmt" count="1"/>
        <line num="182" type="stmt" count="1"/>
        <line num="191" type="method" name="createDependencies" visibility="protected" complexity="4" crap="4" count="1"/>
        <line num="193" type="stmt" count="1"/>
        <line num="194" type="stmt" count="1"/>
        <line num="195" type="stmt" count="1"/>
        <line num="196" type="stmt" count="1"/>
        <line num="199" type="stmt" count="1"/>
        <line num="202" type="stmt" count="1"/>
        <line num="212" type="method" name="injectService" visibility="protected" complexity="3" crap="3" count="1"/>
        <line num="214" type="stmt" count="1"/>
        <line num="215" type="stmt" count="1"/>
        <line num="216" type="stmt" count="1"/>
        <line num="217" type="stmt" count="1"/>
        <line num="220" type="stmt" count="1"/>
        <line num="229" type="method" name="constructable" visibility="protected" complexity="4" crap="4" count="1"/>
        <line num="231" type="stmt" count="1"/>
        <line num="232" type="stmt" count="1"/>
        <line num="234" type="stmt" count="1"/>
        <line num="235" type="stmt" count="1"/>
        <line num="236" type="stmt" count="1"/>
        <line num="237" type="stmt" count="1"/>
        <line num="239" type="stmt" count="1"/>
        <line num="241" type="stmt" count="1"/>
        <line num="250" type="method" name="hasService" visibility="protected" complexity="2" crap="2" count="1"/>
        <line num="252" type="stmt" count="1"/>
        <line num="253" type="stmt" count="1"/>
        <line num="254" type="stmt" count="1"/>
        <line num="256" type="stmt" count="1"/>
        <line num="258" type="stmt" count="1"/>
        <line num="267" type="method" name="isBasicType" visibility="protected" complexity="3" crap="3" count="1"/>
        <line num="269" type="stmt" count="1"/>
        <line num="279" type="method" name="setServiceConfig" visibility="protected" complexity="1" crap="1" count="1"/>
        <line num="281" type="stmt" count="1"/>
        <line num="282" type="stmt" count="1"/>
        <metrics loc="284" ncloc="174" classes="1" methods="15" coveredmethods="14" conditionals="0" coveredconditionals="0" statements="72" coveredstatements="65" elements="87" coveredelements="79"/>
      </file>
    </package>
    <metrics files="1" loc="284" ncloc="174" classes="1" methods="15" coveredmethods="14" conditionals="0" coveredconditionals="0" statements="72" coveredstatements="65" elements="87" coveredelements="79"/>
  </project>
</coverage>
